TN:
SF:src/modules/appointments/services/CreateAppointmentService.ts
FN:16,(anonymous_18)
FN:21,CreateAppointmentService
FN:32,(anonymous_20)
FNF:3
FNH:3
FNDA:1,(anonymous_18)
FNDA:5,CreateAppointmentService
FNDA:7,(anonymous_20)
DA:1,1
DA:2,1
DA:4,1
DA:16,1
DA:28,5
DA:29,5
DA:32,1
DA:33,7
DA:34,7
DA:35,7
DA:37,7
DA:40,7
DA:41,4
DA:46,3
DA:47,1
DA:50,2
DA:51,0
DA:56,2
DA:60,2
DA:61,0
DA:64,2
DA:70,2
DA:72,4
DA:77,2
DA:79,1
DA:81,1
LF:26
LH:24
BRDA:40,0,0,4
BRDA:40,0,1,3
BRDA:46,1,0,1
BRDA:46,1,1,2
BRDA:50,2,0,0
BRDA:50,2,1,2
BRDA:50,3,0,2
BRDA:50,3,1,2
BRDA:60,4,0,0
BRDA:60,4,1,2
BRF:10
BRH:8
end_of_record
TN:
SF:src/modules/appointments/services/ListProviderDayAvailabilityService.ts
FN:19,(anonymous_17)
FN:23,ListProviderDayAvailabilityService
FN:30,(anonymous_19)
FN:49,(anonymous_22)
FN:54,(anonymous_23)
FN:56,(anonymous_24)
FNF:6
FNH:6
FNDA:1,(anonymous_17)
FNDA:1,ListProviderDayAvailabilityService
FNDA:1,(anonymous_19)
FNDA:10,(anonymous_22)
FNDA:10,(anonymous_23)
FNDA:19,(anonymous_24)
DA:1,1
DA:3,1
DA:19,1
DA:27,1
DA:30,1
DA:31,1
DA:32,1
DA:33,1
DA:34,1
DA:36,1
DA:45,1
DA:47,1
DA:49,10
DA:52,1
DA:54,1
DA:55,10
DA:56,19
DA:59,10
DA:61,10
DA:67,1
DA:69,1
DA:71,1
LF:22
LH:22
BRDA:36,0,0,1
BRDA:63,1,0,10
BRDA:63,1,1,8
BRF:3
BRH:3
end_of_record
TN:
SF:src/modules/appointments/services/ListProviderMonthAvailabilityService.ts
FN:18,(anonymous_17)
FN:22,ListProviderMonthAvailabilityService
FN:29,(anonymous_19)
FN:46,(anonymous_22)
FN:49,(anonymous_23)
FN:50,(anonymous_24)
FNF:6
FNH:6
FNDA:1,(anonymous_17)
FNDA:1,ListProviderMonthAvailabilityService
FNDA:1,(anonymous_19)
FNDA:31,(anonymous_22)
FNDA:31,(anonymous_23)
FNDA:341,(anonymous_24)
DA:1,1
DA:3,1
DA:18,1
DA:26,1
DA:29,1
DA:30,1
DA:31,1
DA:32,1
DA:34,1
DA:42,1
DA:44,1
DA:46,31
DA:49,1
DA:50,31
DA:51,341
DA:54,31
DA:60,1
DA:62,1
DA:64,1
LF:19
LH:19
BRDA:34,0,0,1
BRF:1
BRH:1
end_of_record
TN:
SF:src/modules/appointments/services/ListProvidersAppointmentsService.ts
FN:14,(anonymous_17)
FN:18,ListProvidersAppointmentsService
FN:25,(anonymous_19)
FNF:3
FNH:3
FNDA:1,(anonymous_17)
FNDA:1,ListProvidersAppointmentsService
FNDA:1,(anonymous_19)
DA:1,1
DA:14,1
DA:22,1
DA:25,1
DA:26,1
DA:27,1
DA:28,1
DA:29,1
DA:31,1
DA:40,1
DA:42,1
DA:44,1
LF:12
LH:12
BRDA:31,0,0,1
BRF:1
BRH:1
end_of_record
TN:
SF:src/modules/appointments/services/ListProvidersService.ts
FN:11,(anonymous_17)
FN:14,ListProvidersService
FN:21,(anonymous_19)
FNF:3
FNH:3
FNDA:1,(anonymous_17)
FNDA:1,ListProvidersService
FNDA:1,(anonymous_19)
DA:1,1
DA:11,1
DA:18,1
DA:21,1
DA:22,1
DA:26,1
DA:28,1
DA:30,1
LF:8
LH:8
BRDA:22,0,0,1
BRF:1
BRH:1
end_of_record
TN:
SF:src/modules/users/services/AuthenticateUserService.ts
FN:22,(anonymous_18)
FN:27,AuthenticateUserService
FN:38,(anonymous_20)
FNF:3
FNH:3
FNDA:1,(anonymous_18)
FNDA:3,AuthenticateUserService
FNDA:3,(anonymous_20)
DA:1,1
DA:2,1
DA:4,1
DA:7,1
DA:22,1
DA:34,3
DA:35,3
DA:38,3
DA:39,3
DA:41,3
DA:42,1
DA:48,2
DA:53,2
DA:54,1
DA:57,1
DA:59,1
DA:64,1
DA:69,1
DA:71,1
LF:19
LH:19
BRDA:39,0,0,3
BRDA:41,1,0,1
BRDA:41,1,1,2
BRDA:53,2,0,1
BRDA:53,2,1,1
BRF:5
BRH:5
end_of_record
TN:
SF:src/modules/users/services/CreateUserService.ts
FN:17,(anonymous_18)
FN:22,CreateUserService
FN:33,(anonymous_20)
FNF:3
FNH:3
FNDA:2,(anonymous_18)
FNDA:5,CreateUserService
FNDA:5,(anonymous_20)
DA:2,2
DA:4,2
DA:17,2
DA:29,5
DA:30,5
DA:33,5
DA:34,5
DA:36,5
DA:37,1
DA:40,4
DA:42,4
DA:48,4
DA:50,2
DA:52,2
LF:14
LH:14
BRDA:34,0,0,5
BRDA:36,1,0,1
BRDA:36,1,1,4
BRF:3
BRH:3
end_of_record
TN:
SF:src/modules/users/services/ForgotPassword.ts
FN:17,(anonymous_18)
FN:24,ForgotPassword
FN:39,(anonymous_20)
FNF:3
FNH:3
FNDA:1,(anonymous_18)
FNDA:3,ForgotPassword
FNDA:3,(anonymous_20)
DA:2,1
DA:3,1
DA:6,1
DA:17,1
DA:34,3
DA:35,3
DA:36,3
DA:39,3
DA:40,3
DA:42,3
DA:43,1
DA:46,2
DA:48,2
DA:55,4
DA:70,1
DA:72,1
LF:16
LH:16
BRDA:40,0,0,3
BRDA:42,1,0,1
BRDA:42,1,1,2
BRF:3
BRH:3
end_of_record
TN:
SF:src/modules/users/services/ResetPassword.ts
FN:19,(anonymous_18)
FN:26,ResetPasswordService
FN:44,(anonymous_20)
FN:50,(anonymous_23)
FNF:4
FNH:4
FNDA:1,(anonymous_18)
FNDA:4,ResetPasswordService
FNDA:1,(anonymous_20)
FNDA:4,(anonymous_23)
DA:2,1
DA:3,1
DA:6,1
DA:19,1
DA:36,4
DA:38,4
DA:40,4
DA:44,1
DA:45,1
DA:47,1
DA:50,4
DA:51,4
DA:53,4
DA:54,1
DA:57,3
DA:59,3
DA:60,1
DA:63,2
DA:64,2
DA:66,2
DA:72,1
DA:75,1
DA:77,2
DA:79,1
DA:81,1
LF:25
LH:25
BRDA:51,0,0,4
BRDA:53,1,0,1
BRDA:53,1,1,3
BRDA:59,2,0,1
BRDA:59,2,1,2
BRDA:66,3,0,1
BRDA:66,3,1,1
BRF:7
BRH:7
end_of_record
TN:
SF:src/modules/users/services/ShowProfileService.ts
FN:13,(anonymous_18)
FN:16,ShowProfileService
FN:23,(anonymous_20)
FNF:3
FNH:3
FNDA:1,(anonymous_18)
FNDA:2,ShowProfileService
FNDA:2,(anonymous_20)
DA:1,1
DA:3,1
DA:13,1
DA:20,2
DA:23,2
DA:24,2
DA:26,2
DA:27,1
DA:30,1
DA:32,1
DA:34,1
LF:11
LH:11
BRDA:24,0,0,2
BRDA:26,1,0,1
BRDA:26,1,1,1
BRF:3
BRH:3
end_of_record
TN:
SF:src/modules/users/services/UpdateProfileService.ts
FN:19,(anonymous_18)
FN:24,UpdateProfileService
FN:35,(anonymous_20)
FNF:3
FNH:3
FNDA:1,(anonymous_18)
FNDA:6,UpdateProfileService
FNDA:6,(anonymous_20)
DA:1,1
DA:3,1
DA:19,1
DA:31,6
DA:32,6
DA:35,1
DA:36,6
DA:37,6
DA:38,6
DA:39,6
DA:40,6
DA:42,6
DA:44,6
DA:45,1
DA:48,5
DA:50,5
DA:51,1
DA:54,4
DA:55,4
DA:57,4
DA:58,1
DA:63,4
DA:64,2
DA:69,2
DA:70,1
DA:73,1
DA:76,2
DA:78,1
DA:80,1
LF:29
LH:29
BRDA:42,0,0,6
BRDA:42,0,1,2
BRDA:44,1,0,1
BRDA:44,1,1,5
BRDA:50,2,0,1
BRDA:50,2,1,4
BRDA:50,3,0,5
BRDA:50,3,1,1
BRDA:57,4,0,1
BRDA:57,4,1,3
BRDA:57,5,0,4
BRDA:57,5,1,3
BRDA:63,6,0,1
BRDA:63,6,1,2
BRDA:63,7,0,3
BRDA:63,7,1,2
BRDA:69,8,0,1
BRDA:69,8,1,1
BRF:18
BRH:18
end_of_record
TN:
SF:src/modules/users/services/UpdateUserAvatarService.ts
FN:15,(anonymous_18)
FN:20,UpdateUserAvatarService
FN:31,(anonymous_20)
FNF:3
FNH:3
FNDA:1,(anonymous_18)
FNDA:3,UpdateUserAvatarService
FNDA:4,(anonymous_20)
DA:1,1
DA:4,1
DA:15,1
DA:27,3
DA:28,3
DA:31,4
DA:32,4
DA:34,4
DA:35,1
DA:38,5
DA:39,2
DA:42,3
DA:44,3
DA:46,6
DA:48,3
DA:50,1
DA:52,1
LF:17
LH:17
BRDA:32,0,0,4
BRDA:32,0,1,3
BRDA:34,1,0,1
BRDA:34,1,1,3
BRDA:38,2,0,2
BRDA:38,2,1,1
BRF:6
BRH:6
end_of_record
